<?xml version="1.0" encoding="UTF-8" ?>
<testsuite tests="6" failures="0" name="com.test.service.TicTacToeServiceTest" time="0.008" errors="0" skipped="0">
  <properties>
[...]
</properties>
  <testcase classname="com.test.service.TicTacToeServiceTest" name="testPutUsersChoiceInToMtrx_WinInStLine" time="0.006"/>
  <testcase classname="com.test.service.TicTacToeServiceTest" name="testPutUsersChoiceInToMtrx_RaisesInvalidCoOrds" time="0"/>
  <testcase classname="com.test.service.TicTacToeServiceTest" name="testPutUsersChoiceInToMtrx_WinAlongDiagnol" time="0"/>
  <testcase classname="com.test.service.TicTacToeServiceTest" name="testPutUsersChoiceInToMtrx_ReturnZeroWithPreEmption" time="0.002"/>
  <testcase classname="com.test.service.TicTacToeServiceTest" name="testPutUsersChoiceInToMtrx_RaisesInvalidMove" time="0"/>
  <testcase classname="com.test.service.TicTacToeServiceTest" name="testPutUsersChoiceInToMtrx_RaisesInvalidUser" time="0"/>
</testsuite>